<?xml version="1.0" encoding="UTF-8"?>
<!-- Generated by org.testng.reporters.JUnitXMLReporter -->
<testsuite ignored="0" hostname="DESKTOP-TVVC8A9" failures="1" tests="4" name="Login Test" time="13.612" errors="0" timestamp="2025-08-03T16:15:30 IST">
  <testcase classname="tests.LoginTests" name="checkLoginButtonDisabledWhenFieldsAreEmpty" time="0.523">
    <failure type="java.lang.AssertionError" message="Login button should be disabled when fields are empty. expected [false] but found [true]">
      <![CDATA[java.lang.AssertionError: Login button should be disabled when fields are empty. expected [false] but found [true]
at tests.LoginTests.checkLoginButtonDisabledWhenFieldsAreEmpty(LoginTests.java:15)
at java.base/java.util.ArrayList.forEach(ArrayList.java:1596)
... Removed 28 stack frames]]>
    </failure>
  </testcase> <!-- checkLoginButtonDisabledWhenFieldsAreEmpty -->
  <testcase classname="tests.LoginTests" name="testPasswordMaskedButton" time="0.232"/>
  <testcase classname="tests.LoginTests" name="testInvalidLoginShowsErrorMessage" time="0.716"/>
  <testcase classname="tests.LoginTests" name="testPresenceOfLoginElements" time="0.189"/>
</testsuite> <!-- Login Test -->
